Using pre-set license
Built from '2022.1/staging' branch; Version is '2022.1.3f1 (1cedbfe38737) revision 1895871'; Using compiler version '192829333'; Build Type 'Release'
OS: 'Windows 11  (10.0.22631) 64bit CoreSingleLanguage' Language: 'en' Physical Memory: 16163 MB
BatchMode: 1, IsHumanControllingUs: 0, StartBugReporterOnCrash: 0, Is64bit: 1, IsPro: 1

COMMAND LINE ARGUMENTS:
C:\Program Files\Unity 2022.1.3f1\Editor\Unity.exe
-adb2
-batchMode
-noUpm
-name
AssetImportWorker0
-projectPath
C:/Users/ACER/OneDrive/Documents/Tugas CGA/BL
-logFile
Logs/AssetImportWorker0.log
-srvPort
64675
Successfully changed project path to: C:/Users/ACER/OneDrive/Documents/Tugas CGA/BL
C:/Users/ACER/OneDrive/Documents/Tugas CGA/BL
[UnityMemory] Configuration Parameters - Can be set up in boot.config
    "memorysetup-bucket-allocator-granularity=16"
    "memorysetup-bucket-allocator-bucket-count=8"
    "memorysetup-bucket-allocator-block-size=33554432"
    "memorysetup-bucket-allocator-block-count=8"
    "memorysetup-main-allocator-block-size=16777216"
    "memorysetup-thread-allocator-block-size=16777216"
    "memorysetup-gfx-main-allocator-block-size=16777216"
    "memorysetup-gfx-thread-allocator-block-size=16777216"
    "memorysetup-cache-allocator-block-size=4194304"
    "memorysetup-typetree-allocator-block-size=2097152"
    "memorysetup-profiler-bucket-allocator-granularity=16"
    "memorysetup-profiler-bucket-allocator-bucket-count=8"
    "memorysetup-profiler-bucket-allocator-block-size=33554432"
    "memorysetup-profiler-bucket-allocator-block-count=8"
    "memorysetup-profiler-allocator-block-size=16777216"
    "memorysetup-profiler-editor-allocator-block-size=1048576"
    "memorysetup-temp-allocator-size-main=16777216"
    "memorysetup-job-temp-allocator-block-size=2097152"
    "memorysetup-job-temp-allocator-block-size-background=1048576"
    "memorysetup-job-temp-allocator-reduction-small-platforms=262144"
    "memorysetup-temp-allocator-size-background-worker=32768"
    "memorysetup-temp-allocator-size-job-worker=262144"
    "memorysetup-temp-allocator-size-preload-manager=33554432"
    "memorysetup-temp-allocator-size-nav-mesh-worker=65536"
    "memorysetup-temp-allocator-size-audio-worker=65536"
    "memorysetup-temp-allocator-size-cloud-worker=32768"
    "memorysetup-temp-allocator-size-gi-baking-worker=262144"
    "memorysetup-temp-allocator-size-gfx=262144"
Refreshing native plugins compatible for Editor in 260.56 ms, found 3 plugins.
Preloading 0 native plugins for Editor in 0.00 ms.
Initialize engine version: 2022.1.3f1 (1cedbfe38737)
[Subsystems] Discovering subsystems at path C:/Program Files/Unity 2022.1.3f1/Editor/Data/Resources/UnitySubsystems
[Subsystems] Discovering subsystems at path C:/Users/ACER/OneDrive/Documents/Tugas CGA/BL/Assets
GfxDevice: creating device client; threaded=0; jobified=0
Direct3D:
    Version:  Direct3D 11.0 [level 11.1]
    Renderer: NVIDIA GeForce RTX 3050 Laptop GPU (ID=0x25a2)
    Vendor:   NVIDIA
    VRAM:     3977 MB
    Driver:   31.0.15.2756
Initialize mono
Mono path[0] = 'C:/Program Files/Unity 2022.1.3f1/Editor/Data/Managed'
Mono path[1] = 'C:/Program Files/Unity 2022.1.3f1/Editor/Data/MonoBleedingEdge/lib/mono/unityjit-win32'
Mono config path = 'C:/Program Files/Unity 2022.1.3f1/Editor/Data/MonoBleedingEdge/etc'
Using monoOptions --debugger-agent=transport=dt_socket,embedding=1,server=y,suspend=n,address=127.0.0.1:56444
Begin MonoManager ReloadAssembly
Registering precompiled unity dll's ...
Register platform support module: C:/Program Files/Unity 2022.1.3f1/Editor/Data/PlaybackEngines/WindowsStandaloneSupport/UnityEditor.WindowsStandalone.Extensions.dll
Registered in 0.094575 seconds.
Native extension for WindowsStandalone target not found
Refreshing native plugins compatible for Editor in 60.36 ms, found 3 plugins.
Preloading 0 native plugins for Editor in 0.00 ms.
Mono: successfully reloaded assembly
- Completed reload, in  5.987 seconds
Domain Reload Profiling:
	ReloadAssembly (5987ms)
		BeginReloadAssembly (4061ms)
			ExecutionOrderSort (0ms)
			DisableScriptedObjects (0ms)
			BackupInstance (0ms)
			ReleaseScriptingObjects (0ms)
			CreateAndSetChildDomain (1ms)
		EndReloadAssembly (792ms)
			LoadAssemblies (4059ms)
			RebuildTransferFunctionScriptingTraits (0ms)
			SetupTypeCache (499ms)
				TypeCache.Initialize (499ms)
					TypeCache.ScanAssembly (497ms)
				ResolveRequiredComponents (0ms)
			ReleaseScriptCaches (0ms)
			RebuildScriptCaches (24ms)
			SetupLoadedEditorAssemblies (219ms)
				LogAssemblyErrors (0ms)
				InitializePlatformSupportModulesInManaged (7ms)
				SetLoadedEditorAssemblies (6ms)
				RefreshPlugins (60ms)
				BeforeProcessingInitializeOnLoad (1ms)
				ProcessInitializeOnLoadAttributes (102ms)
				ProcessInitializeOnLoadMethodAttributes (43ms)
				AfterProcessingInitializeOnLoad (0ms)
				EditorAssembliesLoaded (0ms)
			ExecutionOrderSort2 (0ms)
			AwakeInstancesAfterBackupRestoration (0ms)
Platform modules already initialized, skipping
Registering precompiled user dll's ...
Registered in 1.150195 seconds.
Begin MonoManager ReloadAssembly
Symbol file LoadedFromMemory doesn't match image C:\Users\ACER\OneDrive\Documents\Tugas CGA\BL\Library\PackageCache\com.unity.visualscripting@1.7.8\Editor\VisualScripting.Core\Dependencies\YamlDotNet\Unity.VisualScripting.YamlDotNet.dll
Symbol file LoadedFromMemory doesn't match image C:\Users\ACER\OneDrive\Documents\Tugas CGA\BL\Library\PackageCache\com.unity.visualscripting@1.7.8\Editor\VisualScripting.Core\Dependencies\DotNetZip\Unity.VisualScripting.IonicZip.dll
Native extension for WindowsStandalone target not found
Refreshing native plugins compatible for Editor in 0.50 ms, found 3 plugins.
Preloading 0 native plugins for Editor in 0.00 ms.
Mono: successfully reloaded assembly
- Completed reload, in  5.272 seconds
Domain Reload Profiling:
	ReloadAssembly (5273ms)
		BeginReloadAssembly (103ms)
			ExecutionOrderSort (0ms)
			DisableScriptedObjects (4ms)
			BackupInstance (0ms)
			ReleaseScriptingObjects (0ms)
			CreateAndSetChildDomain (18ms)
		EndReloadAssembly (5012ms)
			LoadAssemblies (3024ms)
			RebuildTransferFunctionScriptingTraits (0ms)
			SetupTypeCache (719ms)
				TypeCache.Initialize (716ms)
					TypeCache.ScanAssembly (711ms)
				ResolveRequiredComponents (3ms)
			ReleaseScriptCaches (1ms)
			RebuildScriptCaches (42ms)
			SetupLoadedEditorAssemblies (1196ms)
				LogAssemblyErrors (0ms)
				InitializePlatformSupportModulesInManaged (4ms)
				SetLoadedEditorAssemblies (5ms)
				RefreshPlugins (1ms)
				BeforeProcessingInitializeOnLoad (67ms)
				ProcessInitializeOnLoadAttributes (259ms)
				ProcessInitializeOnLoadMethodAttributes (851ms)
				AfterProcessingInitializeOnLoad (8ms)
				EditorAssembliesLoaded (0ms)
			ExecutionOrderSort2 (0ms)
			AwakeInstancesAfterBackupRestoration (6ms)
Platform modules already initialized, skipping
========================================================================
Worker process is ready to serve import requests
Launched and connected shader compiler UnityShaderCompiler.exe after 0.08 seconds
Refreshing native plugins compatible for Editor in 0.55 ms, found 3 plugins.
Preloading 0 native plugins for Editor in 0.00 ms.
Unloading 3387 Unused Serialized files (Serialized files now loaded: 0)
Unloading 26 unused Assets / (57.9 KB). Loaded Objects now: 3848.
Memory consumption went from 0.51 GB to 0.51 GB.
Total: 2.936700 ms (FindLiveObjects: 0.251900 ms CreateObjectMapping: 0.099800 ms MarkObjects: 2.475000 ms  DeleteObjects: 0.108800 ms)

AssetImportParameters requested are different than current active one (requested -> active):
  custom:video-decoder-ogg-theora: a1e56fd34408186e4bbccfd4996cb3dc -> 
  custom:container-muxer-webm: aa71ff27fc2769a1b78a27578f13a17b -> 
  custom:container-demuxer-webm: 4f35f7cbe854078d1ac9338744f61a02 -> 
  custom:video-encoder-webm-vp8: eb34c28f22e8b96e1ab97ce403110664 -> 
  custom:audio-encoder-webm-vorbis: bf7c407c2cedff20999df2af8eb42d56 -> 
  custom:framework-win-MediaFoundation: 216162199b28c13a410421893ffa2e32 -> 
  custom:container-demuxer-ogg: 62fdf1f143b41e24485cea50d1cbac27 -> 
  custom:video-decoder-webm-vp8: 9c59270c3fd7afecdb556c50c9e8de78 -> 
  custom:audio-decoder-ogg-vorbis: bf7c407c2cedff20999df2af8eb42d56 -> 
========================================================================
Received Import Request.
  Time since last request: 199722.508153 seconds.
  path: Assets/Pool_Table_Pack/Prefabs/Balls
  artifactKey: Guid(2def4efe035cc3242a8799581eea03b9) Importer(815301076,1909f56bfc062723c751e8b465ee728b)
Start importing Assets/Pool_Table_Pack/Prefabs/Balls using Guid(2def4efe035cc3242a8799581eea03b9) Importer(815301076,1909f56bfc062723c751e8b465ee728b)  -> (artifact id: 'cb851a9fa71e28065e987ddfe528627f') in 0.008300 seconds 
========================================================================
Received Import Request.
  Time since last request: 0.001806 seconds.
  path: Assets/Pool_Table_Pack/Prefabs/Balls/4.prefab
  artifactKey: Guid(b61dacbf709b625489a68611e1b9ba6b) Importer(815301076,1909f56bfc062723c751e8b465ee728b)
Start importing Assets/Pool_Table_Pack/Prefabs/Balls/4.prefab using Guid(b61dacbf709b625489a68611e1b9ba6b) Importer(815301076,1909f56bfc062723c751e8b465ee728b)  -> (artifact id: '82321472694f1ef92bdf5a053057f160') in 0.108141 seconds 
========================================================================
Received Import Request.
  Time since last request: 0.011365 seconds.
  path: Assets/Pool_Table_Pack/Textures/Balls/11_red_stripe.png
  artifactKey: Guid(891a8de5752972f42a465c7d8192d7a6) Importer(815301076,1909f56bfc062723c751e8b465ee728b)
Start importing Assets/Pool_Table_Pack/Textures/Balls/11_red_stripe.png using Guid(891a8de5752972f42a465c7d8192d7a6) Importer(815301076,1909f56bfc062723c751e8b465ee728b)  -> (artifact id: 'ba5a89fdc1b7038beb36cc25fa0ecc18') in 0.056018 seconds 
========================================================================
Received Import Request.
  Time since last request: 0.002709 seconds.
  path: Assets/Pool_Table_Pack/Prefabs/Balls/11.prefab
  artifactKey: Guid(36698ee4d26a37343a40334481eb0583) Importer(815301076,1909f56bfc062723c751e8b465ee728b)
Start importing Assets/Pool_Table_Pack/Prefabs/Balls/11.prefab using Guid(36698ee4d26a37343a40334481eb0583) Importer(815301076,1909f56bfc062723c751e8b465ee728b)  -> (artifact id: '39b9b907c10a4f57ed59852173ea0a2b') in 0.015611 seconds 
========================================================================
Received Import Request.
  Time since last request: 0.003111 seconds.
  path: Assets/Pool_Table_Pack/Textures/Table/table_top_d.png
  artifactKey: Guid(5e6d274fff57b8c4193e935be2665109) Importer(815301076,1909f56bfc062723c751e8b465ee728b)
Start importing Assets/Pool_Table_Pack/Textures/Table/table_top_d.png using Guid(5e6d274fff57b8c4193e935be2665109) Importer(815301076,1909f56bfc062723c751e8b465ee728b)  -> (artifact id: '8dfb71609e686386a27649e0224912ce') in 0.090917 seconds 
========================================================================
Received Import Request.
  Time since last request: 0.001512 seconds.
  path: Assets/Pool_Table_Pack/Prefabs/Balls/1.prefab
  artifactKey: Guid(bde7b54a20ac3354c80771a9a5f35e68) Importer(815301076,1909f56bfc062723c751e8b465ee728b)
Start importing Assets/Pool_Table_Pack/Prefabs/Balls/1.prefab using Guid(bde7b54a20ac3354c80771a9a5f35e68) Importer(815301076,1909f56bfc062723c751e8b465ee728b)  -> (artifact id: 'aae461a67885480a392708fac5647cd9') in 0.017337 seconds 
========================================================================
Received Import Request.
  Time since last request: 0.002369 seconds.
  path: Assets/Pool_Table_Pack/Textures/Balls/12_purple_stripe.png
  artifactKey: Guid(00c39651ed5fe054f966beb06b97c6a7) Importer(815301076,1909f56bfc062723c751e8b465ee728b)
Start importing Assets/Pool_Table_Pack/Textures/Balls/12_purple_stripe.png using Guid(00c39651ed5fe054f966beb06b97c6a7) Importer(815301076,1909f56bfc062723c751e8b465ee728b)  -> (artifact id: '70d1ffb23ada0d6e4bac3104000154af') in 0.015616 seconds 
========================================================================
Received Import Request.
  Time since last request: 0.003704 seconds.
  path: Assets/Pool_Table_Pack/Textures/Table/table_top_n.png
  artifactKey: Guid(1e23e5065270f3945953fd19b7de371b) Importer(815301076,1909f56bfc062723c751e8b465ee728b)
Start importing Assets/Pool_Table_Pack/Textures/Table/table_top_n.png using Guid(1e23e5065270f3945953fd19b7de371b) Importer(815301076,1909f56bfc062723c751e8b465ee728b)  -> (artifact id: '600ab849b36e35a66fd950bf033b6270') in 0.046064 seconds 
========================================================================
Received Import Request.
  Time since last request: 0.003700 seconds.
  path: Assets/Pool_Table_Pack/Prefabs/Pool_table_01.prefab
  artifactKey: Guid(ebdcd10ee9f7c654aa47e1ad91d66b95) Importer(815301076,1909f56bfc062723c751e8b465ee728b)
Start importing Assets/Pool_Table_Pack/Prefabs/Pool_table_01.prefab using Guid(ebdcd10ee9f7c654aa47e1ad91d66b95) Importer(815301076,1909f56bfc062723c751e8b465ee728b)  -> (artifact id: '67a2d69232812f7ef31d58640c733278') in 0.075182 seconds 
========================================================================
Received Import Request.
  Time since last request: 0.002061 seconds.
  path: Assets/Pool_Table_Pack/Prefabs/Balls/7.prefab
  artifactKey: Guid(b4ba4695ffffc824486dd25c5fe5f454) Importer(815301076,1909f56bfc062723c751e8b465ee728b)
Start importing Assets/Pool_Table_Pack/Prefabs/Balls/7.prefab using Guid(b4ba4695ffffc824486dd25c5fe5f454) Importer(815301076,1909f56bfc062723c751e8b465ee728b)  -> (artifact id: 'a8192e3b9ed218933af424a92095d678') in 0.021157 seconds 
========================================================================
Received Import Request.
  Time since last request: 0.003549 seconds.
  path: Assets/Pool_Table_Pack/Prefabs/pool_cue.prefab
  artifactKey: Guid(b4b31424ff2e735499f825f7c7423edb) Importer(815301076,1909f56bfc062723c751e8b465ee728b)
Start importing Assets/Pool_Table_Pack/Prefabs/pool_cue.prefab using Guid(b4b31424ff2e735499f825f7c7423edb) Importer(815301076,1909f56bfc062723c751e8b465ee728b)  -> (artifact id: '5a22ead579f835334a953ee821f5e389') in 0.020715 seconds 
========================================================================
Received Import Request.
  Time since last request: 0.017153 seconds.
  path: Assets/Pool_Table_Pack/Prefabs/Balls/3.prefab
  artifactKey: Guid(002306b22a48a194d99a32ab0db46baf) Importer(815301076,1909f56bfc062723c751e8b465ee728b)
Start importing Assets/Pool_Table_Pack/Prefabs/Balls/3.prefab using Guid(002306b22a48a194d99a32ab0db46baf) Importer(815301076,1909f56bfc062723c751e8b465ee728b)  -> (artifact id: '00daa374d40feae0fce67fd08d4cde62') in 0.017587 seconds 
========================================================================
Received Import Request.
  Time since last request: 0.029156 seconds.
  path: Assets/Pool_Table_Pack/Prefabs/Balls/9.prefab
  artifactKey: Guid(f3e221fbe05f972439293f370ead9b02) Importer(815301076,1909f56bfc062723c751e8b465ee728b)
Start importing Assets/Pool_Table_Pack/Prefabs/Balls/9.prefab using Guid(f3e221fbe05f972439293f370ead9b02) Importer(815301076,1909f56bfc062723c751e8b465ee728b)  -> (artifact id: '148cc4a8bb9ad7e1d39d3db80722f0f9') in 0.017778 seconds 
========================================================================
Received Import Request.
  Time since last request: 0.002672 seconds.
  path: Assets/Pool_Table_Pack/Textures/Balls/5_orange.png
  artifactKey: Guid(d6fecd1a6a6ac1b4fa0198f7b95bb5da) Importer(815301076,1909f56bfc062723c751e8b465ee728b)
Start importing Assets/Pool_Table_Pack/Textures/Balls/5_orange.png using Guid(d6fecd1a6a6ac1b4fa0198f7b95bb5da) Importer(815301076,1909f56bfc062723c751e8b465ee728b)  -> (artifact id: '0d74552fbca3fb9c44ce116087410a81') in 0.016222 seconds 
========================================================================
Received Import Request.
  Time since last request: 0.009613 seconds.
  path: Assets/Pool_Table_Pack/Prefabs/Balls/13.prefab
  artifactKey: Guid(93afb41ac5c365b4eaf0893037250db2) Importer(815301076,1909f56bfc062723c751e8b465ee728b)
Start importing Assets/Pool_Table_Pack/Prefabs/Balls/13.prefab using Guid(93afb41ac5c365b4eaf0893037250db2) Importer(815301076,1909f56bfc062723c751e8b465ee728b)  -> (artifact id: 'fbee01b229e3885a0defd5fa9011f215') in 0.021090 seconds 
========================================================================
Received Import Request.
  Time since last request: 0.026493 seconds.
  path: Assets/Pool_Table_Pack/Prefabs/triangle.prefab
  artifactKey: Guid(bec127208a2641d4abdf38e5975b721f) Importer(815301076,1909f56bfc062723c751e8b465ee728b)
Start importing Assets/Pool_Table_Pack/Prefabs/triangle.prefab using Guid(bec127208a2641d4abdf38e5975b721f) Importer(815301076,1909f56bfc062723c751e8b465ee728b)  -> (artifact id: '73520844ef7c037676d32bdde824ffde') in 0.021914 seconds 
========================================================================
Received Import Request.
  Time since last request: 0.001876 seconds.
  path: Assets/Pool_Table_Pack/Materials/Table
  artifactKey: Guid(ddc2ec3ee3e610f46a36aa2e487ccd5b) Importer(815301076,1909f56bfc062723c751e8b465ee728b)
Start importing Assets/Pool_Table_Pack/Materials/Table using Guid(ddc2ec3ee3e610f46a36aa2e487ccd5b) Importer(815301076,1909f56bfc062723c751e8b465ee728b)  -> (artifact id: 'cd63ec19d4f6778cc18bd966f662f097') in 0.010180 seconds 
========================================================================
Received Import Request.
  Time since last request: 0.009458 seconds.
  path: Assets/Pool_Table_Pack/Prefabs/Balls/12.prefab
  artifactKey: Guid(68b62023117559e48a0967330c58f8c9) Importer(815301076,1909f56bfc062723c751e8b465ee728b)
Start importing Assets/Pool_Table_Pack/Prefabs/Balls/12.prefab using Guid(68b62023117559e48a0967330c58f8c9) Importer(815301076,1909f56bfc062723c751e8b465ee728b)  -> (artifact id: '1d2a384e6f525808c3c50121efbe0cd2') in 0.021721 seconds 
========================================================================
Received Import Request.
  Time since last request: 0.005222 seconds.
  path: Assets/Pool_Table_Pack/Prefabs/Balls/8.prefab
  artifactKey: Guid(9881f4742661bc446ac16a822acd5bbc) Importer(815301076,1909f56bfc062723c751e8b465ee728b)
Start importing Assets/Pool_Table_Pack/Prefabs/Balls/8.prefab using Guid(9881f4742661bc446ac16a822acd5bbc) Importer(815301076,1909f56bfc062723c751e8b465ee728b)  -> (artifact id: '8d4ed2fe3207e802a7bf99f5e825d6c1') in 0.021262 seconds 
========================================================================
Received Import Request.
  Time since last request: 0.003199 seconds.
  path: Assets/Pool_Table_Pack/Textures/Balls/10_blue_stripe.png
  artifactKey: Guid(4cac8cff524a3524e913b8c66a38c902) Importer(815301076,1909f56bfc062723c751e8b465ee728b)
Start importing Assets/Pool_Table_Pack/Textures/Balls/10_blue_stripe.png using Guid(4cac8cff524a3524e913b8c66a38c902) Importer(815301076,1909f56bfc062723c751e8b465ee728b)  -> (artifact id: '722d802806221ef510e21d092973ac03') in 0.021539 seconds 
========================================================================
Received Import Request.
  Time since last request: 0.010776 seconds.
  path: Assets/Pool_Table_Pack/Textures/Balls/13_orange.png
  artifactKey: Guid(60a72e17aa110fc48a6baeec9a855b14) Importer(815301076,1909f56bfc062723c751e8b465ee728b)
Start importing Assets/Pool_Table_Pack/Textures/Balls/13_orange.png using Guid(60a72e17aa110fc48a6baeec9a855b14) Importer(815301076,1909f56bfc062723c751e8b465ee728b)  -> (artifact id: '17493c9f29563132ecc01d072b5d2edc') in 0.016076 seconds 
========================================================================
Received Import Request.
  Time since last request: 0.008573 seconds.
  path: Assets/Pool_Table_Pack/Textures/Table/table_frame_d.png
  artifactKey: Guid(ae601df47fb10ce438a781f833d53c1b) Importer(815301076,1909f56bfc062723c751e8b465ee728b)
Start importing Assets/Pool_Table_Pack/Textures/Table/table_frame_d.png using Guid(ae601df47fb10ce438a781f833d53c1b) Importer(815301076,1909f56bfc062723c751e8b465ee728b)  -> (artifact id: 'c2311aeddf8389c13a356c842350176d') in 0.021576 seconds 
========================================================================
Received Import Request.
  Time since last request: 0.008784 seconds.
  path: Assets/Pool_Table_Pack/Textures/Balls/2_blue.png
  artifactKey: Guid(31d9e8b43a6bc9f42bf15baecd1564fa) Importer(815301076,1909f56bfc062723c751e8b465ee728b)
Start importing Assets/Pool_Table_Pack/Textures/Balls/2_blue.png using Guid(31d9e8b43a6bc9f42bf15baecd1564fa) Importer(815301076,1909f56bfc062723c751e8b465ee728b)  -> (artifact id: '82d4ebf2d5d8f8eb7a0a0ff9902c0695') in 0.016317 seconds 
========================================================================
Received Import Request.
  Time since last request: 0.004111 seconds.
  path: Assets/Pool_Table_Pack/Prefabs/Balls/white.prefab
  artifactKey: Guid(17e064aa45dc761439991e33e1445a32) Importer(815301076,1909f56bfc062723c751e8b465ee728b)
Start importing Assets/Pool_Table_Pack/Prefabs/Balls/white.prefab using Guid(17e064aa45dc761439991e33e1445a32) Importer(815301076,1909f56bfc062723c751e8b465ee728b)  -> (artifact id: '69d7f94af241954ef7aa0b26e0e9155d') in 0.018741 seconds 
========================================================================
Received Import Request.
  Time since last request: 0.002102 seconds.
  path: Assets/Pool_Table_Pack/Prefabs
  artifactKey: Guid(0c10d61ad5bd98f4bba0e491fee10922) Importer(815301076,1909f56bfc062723c751e8b465ee728b)
Start importing Assets/Pool_Table_Pack/Prefabs using Guid(0c10d61ad5bd98f4bba0e491fee10922) Importer(815301076,1909f56bfc062723c751e8b465ee728b)  -> (artifact id: 'f731149cb085043d94a2b8eb7e01609b') in 0.010298 seconds 
========================================================================
Received Import Request.
  Time since last request: 0.031173 seconds.
  path: Assets/Pool_Table_Pack/Materials/Table/table_rubber.mat
  artifactKey: Guid(16aab950fcc20c74d9b9f6d721be855a) Importer(815301076,1909f56bfc062723c751e8b465ee728b)
Start importing Assets/Pool_Table_Pack/Materials/Table/table_rubber.mat using Guid(16aab950fcc20c74d9b9f6d721be855a) Importer(815301076,1909f56bfc062723c751e8b465ee728b)  -> (artifact id: '5d0e9a7454e1b9a5ad93ba97851147f5') in 0.069111 seconds 
========================================================================
Received Import Request.
  Time since last request: 0.007259 seconds.
  path: Assets/Scenes/SampleScene.unity
  artifactKey: Guid(9fc0d4010bbf28b4594072e72b8655ab) Importer(815301076,1909f56bfc062723c751e8b465ee728b)
Start importing Assets/Scenes/SampleScene.unity using Guid(9fc0d4010bbf28b4594072e72b8655ab) Importer(815301076,1909f56bfc062723c751e8b465ee728b)  -> (artifact id: 'f06ff7518c93fa7a16f3a53a85d38f58') in 0.008665 seconds 
========================================================================
Received Import Request.
  Time since last request: 0.001692 seconds.
  path: Assets/Pool_Table_Pack/Prefabs/Balls/15.prefab
  artifactKey: Guid(41d441779be5e66429b8f3feb9619d8f) Importer(815301076,1909f56bfc062723c751e8b465ee728b)
Start importing Assets/Pool_Table_Pack/Prefabs/Balls/15.prefab using Guid(41d441779be5e66429b8f3feb9619d8f) Importer(815301076,1909f56bfc062723c751e8b465ee728b)  -> (artifact id: 'dea2025cc8041a0bfaee622021576f0d') in 0.019717 seconds 
========================================================================
Received Import Request.
  Time since last request: 0.001243 seconds.
  path: Assets/Pool_Table_Pack/Textures/Table
  artifactKey: Guid(7866eba27f70b79478a21e66c5de02ce) Importer(815301076,1909f56bfc062723c751e8b465ee728b)
Start importing Assets/Pool_Table_Pack/Textures/Table using Guid(7866eba27f70b79478a21e66c5de02ce) Importer(815301076,1909f56bfc062723c751e8b465ee728b)  -> (artifact id: '3576258d777d972863dba10e192ae2f1') in 0.002644 seconds 
========================================================================
Received Import Request.
  Time since last request: 0.007487 seconds.
  path: Assets/Pool_Table_Pack/Materials/Table/table_metal.mat
  artifactKey: Guid(dd1aaba7785a07c4788af4dbf142959a) Importer(815301076,1909f56bfc062723c751e8b465ee728b)
Start importing Assets/Pool_Table_Pack/Materials/Table/table_metal.mat using Guid(dd1aaba7785a07c4788af4dbf142959a) Importer(815301076,1909f56bfc062723c751e8b465ee728b)  -> (artifact id: '0ab4b4d0ebaf8593ea652e27d13a93f4') in 0.122593 seconds 
========================================================================
Received Import Request.
  Time since last request: 0.007117 seconds.
  path: Assets/Pool_Table_Pack/Prefabs/Balls/5.prefab
  artifactKey: Guid(baab3119f2e7cfd4e98c323fadbfabe3) Importer(815301076,1909f56bfc062723c751e8b465ee728b)
Start importing Assets/Pool_Table_Pack/Prefabs/Balls/5.prefab using Guid(baab3119f2e7cfd4e98c323fadbfabe3) Importer(815301076,1909f56bfc062723c751e8b465ee728b)  -> (artifact id: '6151498a61aff9b06b5c52b5a378669e') in 0.015099 seconds 
========================================================================
Received Import Request.
  Time since last request: 0.011480 seconds.
  path: Assets/Pool_Table_Pack/Textures/Balls/White.png
  artifactKey: Guid(5d226807e6c1dc34d98ebfcfcc053a6a) Importer(815301076,1909f56bfc062723c751e8b465ee728b)
Start importing Assets/Pool_Table_Pack/Textures/Balls/White.png using Guid(5d226807e6c1dc34d98ebfcfcc053a6a) Importer(815301076,1909f56bfc062723c751e8b465ee728b)  -> (artifact id: '33d5623f3351b314a4f3367c0692c2fc') in 0.015070 seconds 
========================================================================
Received Import Request.
  Time since last request: 0.003135 seconds.
  path: Assets/Pool_Table_Pack/Textures/Balls/3_red.png
  artifactKey: Guid(f5b102428df81444f9297d862c629a3d) Importer(815301076,1909f56bfc062723c751e8b465ee728b)
Start importing Assets/Pool_Table_Pack/Textures/Balls/3_red.png using Guid(f5b102428df81444f9297d862c629a3d) Importer(815301076,1909f56bfc062723c751e8b465ee728b)  -> (artifact id: 'd2d08a35f609de05008369b9533c847b') in 0.014150 seconds 
========================================================================
Received Import Request.
  Time since last request: 0.009727 seconds.
  path: Assets/Pool_Table_Pack/Materials/Table/table_top_d.mat
  artifactKey: Guid(fed92c7902ec43b4d8c6652c9d67c11f) Importer(815301076,1909f56bfc062723c751e8b465ee728b)
Start importing Assets/Pool_Table_Pack/Materials/Table/table_top_d.mat using Guid(fed92c7902ec43b4d8c6652c9d67c11f) Importer(815301076,1909f56bfc062723c751e8b465ee728b)  -> (artifact id: 'f5c05f792b5ac9fc0cf70189a4670a70') in 0.041355 seconds 
========================================================================
Received Import Request.
  Time since last request: 0.001491 seconds.
  path: Assets/Pool_Table_Pack/Textures/Balls/7_bordo.png
  artifactKey: Guid(870c217cba78c1845b15b104d35be14f) Importer(815301076,1909f56bfc062723c751e8b465ee728b)
Start importing Assets/Pool_Table_Pack/Textures/Balls/7_bordo.png using Guid(870c217cba78c1845b15b104d35be14f) Importer(815301076,1909f56bfc062723c751e8b465ee728b)  -> (artifact id: '684e977e1c108e472210d85d7a0296c2') in 0.015048 seconds 
========================================================================
Received Import Request.
  Time since last request: 0.007630 seconds.
  path: Assets/Pool_Table_Pack/Prefabs/Balls/6.prefab
  artifactKey: Guid(e4e8a579193bffb46934dae0210eaec8) Importer(815301076,1909f56bfc062723c751e8b465ee728b)
Start importing Assets/Pool_Table_Pack/Prefabs/Balls/6.prefab using Guid(e4e8a579193bffb46934dae0210eaec8) Importer(815301076,1909f56bfc062723c751e8b465ee728b)  -> (artifact id: 'c59a6a5a012455d72abc560ad7fd9069') in 0.017882 seconds 
========================================================================
Received Import Request.
  Time since last request: 0.002763 seconds.
  path: Assets/Pool_Table_Pack/Textures/Balls/6_green.png
  artifactKey: Guid(0bd7e7199f56a02449fe55b6c3ce0ee4) Importer(815301076,1909f56bfc062723c751e8b465ee728b)
Start importing Assets/Pool_Table_Pack/Textures/Balls/6_green.png using Guid(0bd7e7199f56a02449fe55b6c3ce0ee4) Importer(815301076,1909f56bfc062723c751e8b465ee728b)  -> (artifact id: '6ea6bbcc5bfd15ce0ade7382b0300329') in 0.014322 seconds 
========================================================================
Received Import Request.
  Time since last request: 0.002822 seconds.
  path: Assets/Pool_Table_Pack/Textures/Table/table_frame_n.png
  artifactKey: Guid(3e5cd26a40f6f1041ab6f7a6149e4462) Importer(815301076,1909f56bfc062723c751e8b465ee728b)
Start importing Assets/Pool_Table_Pack/Textures/Table/table_frame_n.png using Guid(3e5cd26a40f6f1041ab6f7a6149e4462) Importer(815301076,1909f56bfc062723c751e8b465ee728b)  -> (artifact id: 'a400efe5c03a889a7b35e110bfc19276') in 0.015635 seconds 
========================================================================
Received Import Request.
  Time since last request: 0.001807 seconds.
  path: Assets/Pool_Table_Pack/Textures/Balls/4_purple.png
  artifactKey: Guid(5a8879885a2daee4294b262f8abd0df3) Importer(815301076,1909f56bfc062723c751e8b465ee728b)
Start importing Assets/Pool_Table_Pack/Textures/Balls/4_purple.png using Guid(5a8879885a2daee4294b262f8abd0df3) Importer(815301076,1909f56bfc062723c751e8b465ee728b)  -> (artifact id: 'affd1a74d95363cdc76a6226d885d390') in 0.013124 seconds 
========================================================================
Received Import Request.
  Time since last request: 0.012314 seconds.
  path: Assets/Pool_Table_Pack/Textures/Balls/15_bordo_stripe.png
  artifactKey: Guid(70135a729bc04474e897ffb45e2f356b) Importer(815301076,1909f56bfc062723c751e8b465ee728b)
Start importing Assets/Pool_Table_Pack/Textures/Balls/15_bordo_stripe.png using Guid(70135a729bc04474e897ffb45e2f356b) Importer(815301076,1909f56bfc062723c751e8b465ee728b)  -> (artifact id: 'e5bc341ff6d312973f483818b348d995') in 0.015254 seconds 
========================================================================
Received Import Request.
  Time since last request: 0.015783 seconds.
  path: Assets/Pool_Table_Pack/Prefabs/floor.prefab
  artifactKey: Guid(3ff3a7f92db622f4ca960fe55dce4d89) Importer(815301076,1909f56bfc062723c751e8b465ee728b)
Start importing Assets/Pool_Table_Pack/Prefabs/floor.prefab using Guid(3ff3a7f92db622f4ca960fe55dce4d89) Importer(815301076,1909f56bfc062723c751e8b465ee728b)  -> (artifact id: 'b960066bf454118a604dc828b59a6971') in 0.015820 seconds 
========================================================================
Received Import Request.
  Time since last request: 0.002445 seconds.
  path: Assets/Pool_Table_Pack/Textures/Balls/9_yellow_stripe.png
  artifactKey: Guid(b3bfcb46c5195c64e94effca3236c7c8) Importer(815301076,1909f56bfc062723c751e8b465ee728b)
Start importing Assets/Pool_Table_Pack/Textures/Balls/9_yellow_stripe.png using Guid(b3bfcb46c5195c64e94effca3236c7c8) Importer(815301076,1909f56bfc062723c751e8b465ee728b)  -> (artifact id: '1425f547eaf203970f6d23f3c3c10d6d') in 0.014833 seconds 
========================================================================
Received Import Request.
  Time since last request: 0.010127 seconds.
  path: Assets/Pool_Table_Pack/Materials/Table/table_frame_d.mat
  artifactKey: Guid(2c2712e6994682c429dfd5890fbf9c7b) Importer(815301076,1909f56bfc062723c751e8b465ee728b)
Start importing Assets/Pool_Table_Pack/Materials/Table/table_frame_d.mat using Guid(2c2712e6994682c429dfd5890fbf9c7b) Importer(815301076,1909f56bfc062723c751e8b465ee728b)  -> (artifact id: '88b06d84a9706cad55f26f906e1259b3') in 0.164643 seconds 
========================================================================
Received Import Request.
  Time since last request: 0.002911 seconds.
  path: Assets/Pool_Table_Pack/Pool_Table_Pack.unity
  artifactKey: Guid(02e5c309890fa4a48b8defb253d7b523) Importer(815301076,1909f56bfc062723c751e8b465ee728b)
Start importing Assets/Pool_Table_Pack/Pool_Table_Pack.unity using Guid(02e5c309890fa4a48b8defb253d7b523) Importer(815301076,1909f56bfc062723c751e8b465ee728b)  -> (artifact id: '91c57559d4d42d5a66ca463bfaabdcc6') in 0.007237 seconds 
========================================================================
Received Import Request.
  Time since last request: 0.007709 seconds.
  path: Assets/Pool_Table_Pack/Textures/pool_cue_d.png
  artifactKey: Guid(ad166a482455c8248bbdfdd14191a4d8) Importer(815301076,1909f56bfc062723c751e8b465ee728b)
Start importing Assets/Pool_Table_Pack/Textures/pool_cue_d.png using Guid(ad166a482455c8248bbdfdd14191a4d8) Importer(815301076,1909f56bfc062723c751e8b465ee728b)  -> (artifact id: '26273df69322708080e3836258579ab6') in 0.014642 seconds 
========================================================================
Received Import Request.
  Time since last request: 0.006996 seconds.
  path: Assets/Pool_Table_Pack/Prefabs/Balls/10.prefab
  artifactKey: Guid(0dc4023059955c041985d9427eb8cee0) Importer(815301076,1909f56bfc062723c751e8b465ee728b)
Start importing Assets/Pool_Table_Pack/Prefabs/Balls/10.prefab using Guid(0dc4023059955c041985d9427eb8cee0) Importer(815301076,1909f56bfc062723c751e8b465ee728b)  -> (artifact id: 'e559a735d20c2c9ef05db4b38ffe2773') in 0.016452 seconds 
========================================================================
Received Import Request.
  Time since last request: 0.003992 seconds.
  path: Assets/Pool_Table_Pack/Textures/Balls
  artifactKey: Guid(77f16f341d0c61d4a9784c4c9f8808ca) Importer(815301076,1909f56bfc062723c751e8b465ee728b)
Start importing Assets/Pool_Table_Pack/Textures/Balls using Guid(77f16f341d0c61d4a9784c4c9f8808ca) Importer(815301076,1909f56bfc062723c751e8b465ee728b)  -> (artifact id: '84c6c10a085f48b829f3a974607380b1') in 0.007380 seconds 
========================================================================
Received Import Request.
  Time since last request: 0.002314 seconds.
  path: Assets/Pool_Table_Pack/Textures/Balls/1_yellow.png
  artifactKey: Guid(0ba2ca89cddadfa4fa6f979cfbac2804) Importer(815301076,1909f56bfc062723c751e8b465ee728b)
Start importing Assets/Pool_Table_Pack/Textures/Balls/1_yellow.png using Guid(0ba2ca89cddadfa4fa6f979cfbac2804) Importer(815301076,1909f56bfc062723c751e8b465ee728b)  -> (artifact id: 'c9d8af88bd1d61dfcfd71cb96f4cf31f') in 0.014107 seconds 
========================================================================
Received Import Request.
  Time since last request: 0.007638 seconds.
  path: Assets/Pool_Table_Pack/Prefabs/Balls/2.prefab
  artifactKey: Guid(015f99f5fbd48f64085dc1856474c92f) Importer(815301076,1909f56bfc062723c751e8b465ee728b)
Start importing Assets/Pool_Table_Pack/Prefabs/Balls/2.prefab using Guid(015f99f5fbd48f64085dc1856474c92f) Importer(815301076,1909f56bfc062723c751e8b465ee728b)  -> (artifact id: '0efc100a289521dac20a8f4fb7b5b458') in 0.016901 seconds 
========================================================================
Received Import Request.
  Time since last request: 0.002903 seconds.
  path: Assets/Pool_Table_Pack/Textures/Balls/14_green_white.png
  artifactKey: Guid(3321c7d1f557c77428aaa73288b6634a) Importer(815301076,1909f56bfc062723c751e8b465ee728b)
Start importing Assets/Pool_Table_Pack/Textures/Balls/14_green_white.png using Guid(3321c7d1f557c77428aaa73288b6634a) Importer(815301076,1909f56bfc062723c751e8b465ee728b)  -> (artifact id: '6482626c73655557a1720c628886de5c') in 0.015405 seconds 
========================================================================
Received Import Request.
  Time since last request: 0.011517 seconds.
  path: Assets/Pool_Table_Pack/Textures/floor_d.png
  artifactKey: Guid(4d51920c9ef0b734eb81831322b5d0ed) Importer(815301076,1909f56bfc062723c751e8b465ee728b)
Start importing Assets/Pool_Table_Pack/Textures/floor_d.png using Guid(4d51920c9ef0b734eb81831322b5d0ed) Importer(815301076,1909f56bfc062723c751e8b465ee728b)  -> (artifact id: 'd056c10bcab604889659d419c4bc589c') in 0.014021 seconds 
========================================================================
Received Import Request.
  Time since last request: 0.002603 seconds.
  path: Assets/Pool_Table_Pack/Textures/Balls/8_black.png
  artifactKey: Guid(211435aca71964f49bac0c8cef139a1f) Importer(815301076,1909f56bfc062723c751e8b465ee728b)
Start importing Assets/Pool_Table_Pack/Textures/Balls/8_black.png using Guid(211435aca71964f49bac0c8cef139a1f) Importer(815301076,1909f56bfc062723c751e8b465ee728b)  -> (artifact id: '2c396bfe0d1fcebdb7922d42dc6216d3') in 0.014334 seconds 
========================================================================
Received Import Request.
  Time since last request: 0.002346 seconds.
  path: Assets/Pool_Table_Pack/Prefabs/Balls/14.prefab
  artifactKey: Guid(0c4e4aafb1db8cf478d6339074d1b134) Importer(815301076,1909f56bfc062723c751e8b465ee728b)
Start importing Assets/Pool_Table_Pack/Prefabs/Balls/14.prefab using Guid(0c4e4aafb1db8cf478d6339074d1b134) Importer(815301076,1909f56bfc062723c751e8b465ee728b)  -> (artifact id: '7432a404649a72a63727cd2526091503') in 0.018810 seconds 
========================================================================
Received Import Request.
  Time since last request: 0.001369 seconds.
  path: Assets/Pool_Table_Pack/Textures
  artifactKey: Guid(492766b7bf38fe84cabe7083f893ebdf) Importer(815301076,1909f56bfc062723c751e8b465ee728b)
Start importing Assets/Pool_Table_Pack/Textures using Guid(492766b7bf38fe84cabe7083f893ebdf) Importer(815301076,1909f56bfc062723c751e8b465ee728b)  -> (artifact id: '2e8da7844ea3effa5c1fdfce7b62afe4') in 0.008551 seconds 
